<?xml version="1.0" encoding="UTF-8"?>
<testsuite xmlns:xsi="http://www.w3.org/2001/XMLSchema-instance" xsi:noNamespaceSchemaLocation="https://maven.apache.org/surefire/maven-surefire-plugin/xsd/surefire-test-report.xsd" name="CalculatorTest" time="0.019" tests="3" errors="0" skipped="0" failures="0">
  <properties>
[...]
</properties>
  <testcase name="testAdd" classname="CalculatorTest" time="0.002"/>
  <testcase name="testSubtract" classname="CalculatorTest" time="0"/>
  <testcase name="testMultiply" classname="CalculatorTest" time="0"/>
</testsuite>